输入路径：D:/Development/Warcraft3/HeroRace/slk/HeroRace_v3.51.w3x
输出路径：D:/Development/Warcraft3/HeroRace/slk/HeroRace_v3.51_slk.w3x
输入格式：Mpq
输出模式：slk
结果：0 个错误，3 条警告
用时：3.095 秒
==========================
警告 (3)
==========================
魔法书 'A062' [魔法书] 会被合并 - 基础命令ID 'spellbook' 不存在
魔法书 'Aspb' [魔法书] 会被合并 - 基础命令ID 'spellbook' 不存在
魔法书 'A0C2' [魔法书] 会被合并 - 基础命令ID 'spellbook' 不存在

==========================
没有SLK化的数据 (26)
==========================
--------------------------------------------
数据超过了4级
--------------------------------------------
技能 A06Z 神圣之箭 - Cost 
技能 A00L 火炮-majia - DataA 
技能 A04Y 魔魂袭击 - Cost 
技能 A08R 掘地穿刺 - DataA 
技能 A0CY 锯齿飞轮 - DataA 
技能 A05W 死亡之指 - DataC 
技能 A08P 巨力挥舞 - Dur 
技能 A0HW 冰冻 - Dur 
技能 A08A 风暴巨锤 - Cost 
技能 A0HJ 眩晕 - Dur 
技能 A01T 狙击 - DataA 
--------------------------------------------
字符串可以被转换为数字
--------------------------------------------
可破坏物 LTbr 木桶 - EditorSuffix "-竖着"
可破坏物 LTbx 木桶 - EditorSuffix "-横着"

==========================
移除未引用对象 (102)
==========================
简化掉的对象数: 2596/4395
---------------------------------------------------------------------
保留的默认对象数: 390/2821
---------------------------------------------------------------------
单位 'hphx' 火凤凰 - 脚本里的'hpea'[农民]引用了它
单位 'hpea' 农民 - 脚本里的'hpea'[农民]引用了它
单位 'Hamg' 大魔法师 - 脚本里的'hpea'[农民]引用了它
单位 'hbar' 兵营 - 脚本里的'hpea'[农民]引用了它
单位 'hmtm' 迫击炮小队 - 脚本里的'hpea'[农民]引用了它
单位 'etoe' 永恒之树 - 脚本里的'E006'[恶魔猎手]引用了它
单位 'nmdm' 麦迪文 - 脚本里的'Amrf'[乌鸦形态]引用了它
单位 'halt' 国王祭坛 - 脚本里的'hpea'[农民]引用了它
单位 'hwt2' 水元素 - 脚本里的'hpea'[农民]引用了它
单位 'htow' 城镇大厅 - 脚本里的'hpea'[农民]引用了它
技能 'Amls' 空中锁镣 - 脚本里的'hpea'[农民]引用了它
技能 'SCae' 耐久光环 - 脚本里的'noga'[石槌酋长]引用了它
技能 'AHwe' 召唤水元素 - 脚本里的'hpea'[农民]引用了它
技能 'Aphx' 火凤凰变形(和凤凰蛋有关的) - 脚本里的'hpea'[农民]引用了它
技能 'ACce' 分裂攻击 - 脚本里的'nfgb'[血恶魔]引用了它
技能 'Apxf' 凤凰火焰 - 脚本里的'hpea'[农民]引用了它
技能 'Aivs' 隐形术 - 脚本里的'hpea'[农民]引用了它
技能 'Aihn' 单位物品栏 - 脚本里的'hpea'[农民]引用了它
技能 'Abun' 货物保持 (兽族地洞) - 脚本里的'Abun'[货物保持 (兽族地洞)]引用了它
技能 'Amic' 战斗号召 - 脚本里的'hpea'[农民]引用了它
物品 'stwp' 回城卷轴 - 脚本里的'hpea'[农民]引用了它
物品 'tsct' 象牙塔 - 脚本里的'hpea'[农民]引用了它
物品 'ofir' 火焰之球 - 脚本里的'hpea'[农民]引用了它
物品 'phea' 生命药水 - 脚本里的'hpea'[农民]引用了它
物品 'sreg' 恢复卷轴 - 脚本里的'hpea'[农民]引用了它
物品 'plcl' 小净化药水 - 脚本里的'hpea'[农民]引用了它
物品 'pman' 魔法药水 - 脚本里的'hpea'[农民]引用了它
物品 'mcri' 机械类的小玩艺 - 脚本里的'hpea'[农民]引用了它
物品 'ssan' 避难权杖 - 脚本里的'hpea'[农民]引用了它
魔法效果 'XHfs' 烈焰风暴(效果) - 脚本里的'hpea'[农民]引用了它
魔法效果 'BUan' 操纵死尸 - 脚本里的'BUan'[操纵死尸]引用了它
魔法效果 'Bpoi' 毒 - 脚本里的'n01T'[中立-1]引用了它
魔法效果 'Bphx' 火凤凰 - 脚本里的'hpea'[农民]引用了它
魔法效果 'Bsta' 静止陷阱 - 脚本里的'n029'[测试商店]引用了它
魔法效果 'BOmi' 镜像 - 脚本里的'n01T'[中立-1]引用了它
魔法效果 'Beng' 诱捕 - 脚本里的'N003'[狼骑士]引用了它
魔法效果 'Bdbm' 吸取魔法 - 脚本里的'hpea'[农民]引用了它
魔法效果 'Bdef' 守护卷轴 - 脚本里的'I017'[守护卷轴]引用了它
魔法效果 'Bply' 变形术 - 脚本里的'hpea'[农民]引用了它
科技 'Rhst' 女巫专家训练 - 脚本里的'hpea'[农民]引用了它
科技 'Rhhb' 风暴战锤 - 脚本里的'hpea'[农民]引用了它
科技 'Rgfo' 防御浮雕 - 脚本里的'hpea'[农民]引用了它
可破坏物 'CTtc' 费尔伍德伞状树木 - 脚本里的'CTtc'[费尔伍德伞状树木]引用了它
可破坏物 'ITtc' 冰封王座伞状树木 - 脚本里的'ITtc'[冰封王座伞状树木]引用了它
可破坏物 'NTtc' 诺森德伞状树木 - 脚本里的'NTtc'[诺森德伞状树木]引用了它
装饰物 'ZWsw' 海藻 - 地图上放置的'ZWsw'[海藻]引用了它
装饰物 'LOwb' 手推车 - 地图上放置的'LOwb'[手推车]引用了它
装饰物 'LOtz' 炽热的火炬 - 地图上放置的'LOtz'[炽热的火炬]引用了它
---------------------------------------------------------------------
简化掉的自定义对象数: 165/1574
---------------------------------------------------------------------
单位 'nnsa' 艾萨拉女王神殿
单位 'nmpe' 小白鱼
单位 'uubs' 不死族战舰
单位 'u01R' 显隐
单位 'nnfm' 珊瑚礁
单位 'zmar' 人族守卫者
单位 'nnsu' 召唤者
单位 'ncp2' 能量圈
单位 'u029' 冰封世界
单位 'nntg' 守护者
技能 'AIcy' 飓风
技能 'ACen' 诱捕
技能 'A0HD' 冰封世界
技能 'A0BK' 蛛网触碰
技能 'A0GG' 无敌守卫
技能 'A07C' 束缚击
技能 'A04P' 尖刺外壳
技能 'A088' 法力燃烧
技能 'A0C7' 生命之书
技能 'A0C9' 生命之书
物品 'pnvu' 无敌药水
物品 'I00N' 加速神符(单人)
物品 'I014' 加速神符(神符英雄-部落)
物品 'pghe' 大生命药水
物品 'I01I' 加速神符(神符英雄-联盟)
物品 'pgma' 大魔法药水
物品 'spsh' 魔法护盾护身符
物品 'I02F' 金币
物品 'wcyc' 飓风权杖
物品 'bspd' 速度之靴
魔法效果 'X000' 流星坠落(目标)
魔法效果 'B00H' 耐久光环
魔法效果 'Bbsk' 狂战士
魔法效果 'B01I' 邪恶觉醒
魔法效果 'B020' 阴影传送
魔法效果 'B02N' 加速
魔法效果 'B02Q' 加速
魔法效果 'B01C' 咆哮
魔法效果 'B02O' 守卫
科技 'R001' 
科技 'R002' 
科技 'R000' 
可破坏物 'LTba' 路障
可破坏物 'ZTg3' 码头
装饰物 'DSp0' 小栅栏墙
装饰物 'D00P' 0.9
装饰物 'GSp0' 小栅栏墙

==========================
保存到wts中的文本 (3)
==========================
w3i里的文本长度超过1023字符 - 文本保存在wts中会导致加载速度变慢: 
赛跑有很多BGM，开启背景音乐试试（所有音乐获授权）
|Cffffff00模式1：团队分高的队伍胜利（类似跑跑卡丁车）|r
终点在左下方
|Cff00ff00模式2：队伍有N-1个人（N为队内玩家数）进入终点为胜利|r
英雄进入终点后将出现灵魂状态（英雄呈现半透明），此时可以帮助其他队友冲向终点以及阻止敌人进入终点
地图作者：key
地图专群：223664278 （加入可找到更多人玩）...
-------------------------
脚本里的文本长度超过1023字符 - 文本保存在wts中会导致加载速度变慢: 
游戏命令：

|Cff00ff00++|r
镜头提高100。
|Cff00ff00--|r
镜头降低100。
|Cff00ff00-h|r或|Cff00ff00-swap|r
输入可跟队友交换英雄。
|Cff00ff00-roll xxx|r
输入后获得一个随机数，最大值为输入的“xxx”，“xxx”为1-99999的一个数字。
|Cff00ff00-ms|r
输入后你将能知道自己英雄的移动速度。
|Cff00ff00-卡海里了/-卡树里了|r
若你卡在海里或树里了，输入该命令系统能帮助你出来。
|Cff00ff00-查询队伍|r
输入后可以获知自己所属的队伍。
|Cff00ff00-QQ|r
输入后将显示地图专群的QQ号码和作者的QQ号码。
|Cff00ff00-sc|r
输入后可以查询你的战绩数据（网易平台有效）。
|Cff00ff00-sc2|r
输入后可以查询你的详细战绩数据（网易平台有效）。
|Cff00ff00-time|r
输入后可以显示当前时间（网易平台有效）。
|Cff00ff00-data|r
输入后可以查询本回合对敌英雄造成的伤害量与击杀死亡数。
|C...
-------------------------
脚本里的文本长度超过1023字符 - 文本保存在wts中会导致加载速度变慢: 
赛道设定
1.野怪掉落道具都是随机的（与杀人掉落的随机物品一致），只有野怪“橙鱼”是掉落速度之靴，巨魔或巫师掉落恢复神符
2.主动施法减速或投石的野怪被阻止施法（以魔免状态进入）时，该野怪魔法值扣为0
3.橙鱼野怪在有领先英雄跑过一定距离时攻击扣为0，有领先英雄跑超过更多距离时橙鱼开始自动扣血；青金傀儡在有人进入终点附近时攻击扣为0，有人进入终点时开始自动扣血
4.进入一条明显的线后会出现炸弹人来炸进入的英雄，有概率出现高能炸弹人（秒杀）（概率随名次递减），而当领先英雄跑过一定距离时后面过线的英雄只会出现低能炸弹人（低伤害）来炸他们
5.游戏开始一定时间后会出现神符君，神符君打中英雄时会死亡并加速和无敌周围范围的英雄，被神符君加过速的英雄，之后的每次死亡都有概率增加周围敌人（死...
-------------------------

==========================
脚本优化 (755)
==========================
--------------------------------------------------
未引用的全局变量 (127)
--------------------------------------------------
gg_trg____________________001 - 第[1197]行：
gg_trg_test_00________u - 第[1221]行：
gg_trg_test_01________u - 第[1222]行：
gg_trg_test_02______________u - 第[1223]行：
gg_trg_test_03___________u - 第[1224]行：
gg_trg_test_04________________u - 第[1225]行：
gg_trg_test_05___________________u - 第[1226]行：
gg_trg_test_06______________u - 第[1227]行：
gg_trg_test_07_________________u - 第[1228]行：
gg_trg_test_08______________u - 第[1229]行：
gg_trg_test_09_____________2_u - 第[1230]行：
gg_trg_test_09_____________2________u - 第[1231]行：
gg_trg_test_10_____________3_u - 第[1232]行：
gg_trg_test_11_________________u - 第[1233]行：
gg_trg_test_12________________2_u - 第[1234]行：
gg_trg_test_13___________u - 第[1235]行：
gg_trg_test_14____________________u - 第[1236]行：
gg_trg_test_15______________u - 第[1237]行：
gg_trg_test_16_______________________u - 第[1238]行：
gg_trg_test_17______________u - 第[1239]行：
--------------------------------------------------
未引用的函数 (605)
--------------------------------------------------
YDWESaveGroupByInteger - 第[3501]-[3503]行
YDWESaveGroupByString - 第[3504]-[3506]行
YDWEGetGroupByInteger - 第[3507]-[3509]行
YDWEGetGroupByString - 第[3510]-[3512]行
YDWESaveMultiboardByInteger - 第[3514]-[3516]行
YDWESaveMultiboardByString - 第[3517]-[3519]行
YDWEGetMultiboardByInteger - 第[3520]-[3522]行
YDWEGetMultiboardByString - 第[3523]-[3525]行
YDWESaveMultiboardItemByInteger - 第[3527]-[3529]行
YDWESaveMultiboardItemByString - 第[3530]-[3532]行
YDWEGetMultiboardItemByInteger - 第[3533]-[3535]行
YDWEGetMultiboardItemByString - 第[3536]-[3538]行
YDWESaveTextTagByInteger - 第[3540]-[3542]行
YDWESaveTextTagByString - 第[3543]-[3545]行
YDWEGetTextTagByInteger - 第[3546]-[3548]行
YDWEGetTextTagByString - 第[3549]-[3551]行
YDWESaveLightningByInteger - 第[3553]-[3555]行
YDWESaveLightningByString - 第[3556]-[3558]行
YDWEGetLightningByInteger - 第[3559]-[3561]行
YDWEGetLightningByString - 第[3562]-[3564]行
--------------------------------------------------
未引用的局部变量 (23)
--------------------------------------------------
YDWEGeneralBounsSystem___SetUnitMaxState - 第[4115]行：[s]
YDWEGeneralBounsSystem___SetUnitMaxState - 第[4119]行：[a]
s__YDWETimerPattern___Parabola_create - 第[6493]行：[vx]
s__YDWETimerPattern___Parabola_create - 第[6494]行：[vy]
s__YDWETimerPattern___Parabola_create - 第[6495]行：[vz]
s__YDWETimerPattern___Deceleration_create - 第[6648]行：[vx]
s__YDWETimerPattern___Deceleration_create - 第[6649]行：[vy]
s__YDWETimerPattern___Deceleration_create - 第[6650]行：[l]
YDWETimerDestroyTextTag - 第[6812]行：[N]
YDWETimerDestroyTextTag - 第[6813]行：[i]
YDWETimerSystem___Main - 第[6824]行：[p]
CreateAllDestructables - 第[7541]行：[life]
CreateBuildingsForPlayer11 - 第[7558]行：[unitID]
CreateBuildingsForPlayer11 - 第[7560]行：[life]
CreateUnitsForPlayer11 - 第[7572]行：[unitID]
CreateUnitsForPlayer11 - 第[7574]行：[life]
CreateNeutralPassiveBuildings - 第[7605]行：[unitID]
CreateNeutralPassiveBuildings - 第[7607]行：[life]
CreateNeutralPassive - 第[7643]行：[unitID]
CreateNeutralPassive - 第[7645]行：[life]
